[2026-02-16 19:22:04 UTC] [srv-1] CONNECTION_FAILED — Failed to connect to srv-1: [Errno 113] Connect call failed ('100.65.5.192', 22)
[2026-02-16 19:23:14 UTC] [srv-1] CONNECTED
[2026-02-16 19:23:14 UTC] CMD: 'who' | Hosts: 1 | OK: 1 | FAIL: 0 | Duration: 0.26s
[2026-02-16 19:23:14 UTC] [srv-1] DISCONNECTED
[2026-02-16 19:24:03 UTC] [srv-2] CONNECTED
[2026-02-16 19:24:03 UTC] [srv-1] CONNECTED
[2026-02-16 19:24:03 UTC] CMD: 'who' | Hosts: 2 | OK: 2 | FAIL: 0 | Duration: 0.26s
[2026-02-16 19:24:03 UTC] [srv-2] DISCONNECTED
[2026-02-16 19:24:03 UTC] [srv-1] DISCONNECTED
[2026-02-16 19:24:31 UTC] [srv-2] CONNECTED
[2026-02-16 19:24:31 UTC] [srv-1] CONNECTED
[2026-02-16 19:24:31 UTC] CMD: 'whoami' | Hosts: 2 | OK: 2 | FAIL: 0 | Duration: 0.25s
[2026-02-16 19:24:31 UTC] [srv-2] DISCONNECTED
[2026-02-16 19:24:31 UTC] [srv-1] DISCONNECTED
[2026-02-16 19:33:45 UTC] [srv-2] CONNECTED
[2026-02-16 19:33:45 UTC] [srv-1] CONNECTED
[2026-02-16 19:33:45 UTC] CMD: 'whoami' | Hosts: 2 | OK: 2 | FAIL: 0 | Duration: 0.26s
[2026-02-16 19:33:45 UTC] [srv-2] DISCONNECTED
[2026-02-16 19:33:45 UTC] [srv-1] DISCONNECTED
[2026-02-16 20:01:26 UTC] [srv-2] CONNECTED
[2026-02-16 20:01:26 UTC] [srv-1] CONNECTED
[2026-02-16 20:01:36 UTC] CMD: 'ls' | Hosts: 2 | OK: 2 | FAIL: 0 | Duration: 0.01s
[2026-02-16 20:01:44 UTC] CMD: 'ls /bin' | Hosts: 2 | OK: 2 | FAIL: 0 | Duration: 0.22s
[2026-02-16 20:02:01 UTC] CMD: 'ls /bin | grep cat' | Hosts: 2 | OK: 2 | FAIL: 0 | Duration: 0.02s
[2026-02-16 20:03:07 UTC] CMD: 'exit' | Hosts: 2 | OK: 2 | FAIL: 0 | Duration: 0.02s
[2026-02-16 20:03:33 UTC] CMD: 'exit' | Hosts: 2 | OK: 2 | FAIL: 0 | Duration: 0.02s
[2026-02-16 20:04:50 UTC] [srv-2] CONNECTED
[2026-02-16 20:04:50 UTC] [srv-1] CONNECTED
[2026-02-16 20:04:50 UTC] [srv-2] DISCONNECTED
[2026-02-16 20:04:50 UTC] [srv-1] DISCONNECTED
[2026-02-16 20:05:09 UTC] [srv-1] CONNECTED
[2026-02-16 20:05:09 UTC] [srv-2] CONNECTED
[2026-02-16 20:06:00 UTC] CMD: 'ls /tmp' | Hosts: 2 | OK: 2 | FAIL: 0 | Duration: 0.03s
[2026-02-16 20:10:11 UTC] [srv-2] CONNECTED
[2026-02-16 20:10:11 UTC] [srv-1] CONNECTED
[2026-02-16 20:10:11 UTC] CMD: 'mkdir -p /opt/mytool && tar xzf /tmp/SystemdTimer.tar.gz' | Hosts: 2 | OK: 0 | FAIL: 2 | Duration: 0.25s
[2026-02-16 20:10:11 UTC] [srv-2] DISCONNECTED
[2026-02-16 20:10:11 UTC] [srv-1] DISCONNECTED
[2026-02-16 20:10:19 UTC] [srv-2] CONNECTED
[2026-02-16 20:10:19 UTC] [srv-1] CONNECTED
[2026-02-16 20:10:20 UTC] CMD: 'mkdir -p /opt/mytool && tar xzf /tmp/SystemdTimer.tar.gz' | Hosts: 2 | OK: 0 | FAIL: 2 | Duration: 0.37s
[2026-02-16 20:10:20 UTC] [srv-2] DISCONNECTED
[2026-02-16 20:10:20 UTC] [srv-1] DISCONNECTED
[2026-02-16 20:10:34 UTC] [srv-2] CONNECTED
[2026-02-16 20:10:34 UTC] [srv-1] CONNECTED
[2026-02-16 20:10:34 UTC] CMD: 'sudo mkdir -p /opt/mytool && tar xzf /tmp/SystemdTimer.tar.gz' | Hosts: 2 | OK: 2 | FAIL: 0 | Duration: 0.27s
[2026-02-16 20:10:34 UTC] [srv-2] DISCONNECTED
[2026-02-16 20:10:34 UTC] [srv-1] DISCONNECTED
[2026-02-17 19:42:40 UTC] [srv-2] CONNECTED
[2026-02-17 19:42:40 UTC] [srv-1] CONNECTED
[2026-02-17 19:42:40 UTC] CMD: 'whoami' | Hosts: 2 | OK: 2 | FAIL: 0 | Duration: 0.25s
[2026-02-17 19:42:40 UTC] [srv-2] DISCONNECTED
[2026-02-17 19:42:40 UTC] [srv-1] DISCONNECTED
[2026-02-17 20:36:03 UTC] [srv-2] CONNECTED
[2026-02-17 20:36:03 UTC] [srv-1] CONNECTED
[2026-02-17 20:36:03 UTC] [srv-2] DISCONNECTED
[2026-02-17 20:36:03 UTC] [srv-1] DISCONNECTED
[2026-02-17 20:36:03 UTC] [srv-2] CONNECTED
[2026-02-17 20:36:03 UTC] [srv-1] CONNECTED
[2026-02-17 20:36:04 UTC] CMD: 'sudo mkdir -p /opt/SystemdTimer-LinuxPersistenceStash && tar xzf /tmp/SystemdTimer-LinuxPersistenceStash.tar.gz -C /opt/SystemdTimer-LinuxPersistenceStash && rm -f /tmp/SystemdTimer-LinuxPersistenceStash.tar.gz' | Hosts: 2 | OK: 0 | FAIL: 2 | Duration: 0.10s
[2026-02-17 20:36:04 UTC] [srv-2] DISCONNECTED
[2026-02-17 20:36:04 UTC] [srv-1] DISCONNECTED
[2026-02-17 20:36:04 UTC] [srv-2] CONNECTED
[2026-02-17 20:36:04 UTC] [srv-1] CONNECTED
[2026-02-17 20:36:04 UTC] CMD: 'sudo cd /opt/SystemdTimer-LinuxPersistenceStash && ./install.sh' | Hosts: 2 | OK: 0 | FAIL: 2 | Duration: 0.09s
[2026-02-17 20:36:04 UTC] [srv-2] DISCONNECTED
[2026-02-17 20:36:04 UTC] [srv-1] DISCONNECTED
[2026-02-17 20:36:28 UTC] [srv-2] CONNECTED
[2026-02-17 20:36:28 UTC] [srv-1] CONNECTED
[2026-02-17 20:36:28 UTC] [srv-2] DISCONNECTED
[2026-02-17 20:36:28 UTC] [srv-1] DISCONNECTED
[2026-02-17 20:36:29 UTC] [srv-2] CONNECTED
[2026-02-17 20:36:29 UTC] [srv-1] CONNECTED
[2026-02-17 20:36:29 UTC] CMD: 'mkdir -p /opt/SystemdTimer-LinuxPersistenceStash && tar xzf /tmp/SystemdTimer-LinuxPersistenceStash.tar.gz -C /opt/SystemdTimer-LinuxPersistenceStash && rm -f /tmp/SystemdTimer-LinuxPersistenceStash.tar.gz' | Hosts: 2 | OK: 0 | FAIL: 2 | Duration: 0.38s
[2026-02-17 20:36:29 UTC] [srv-2] DISCONNECTED
[2026-02-17 20:36:29 UTC] [srv-1] DISCONNECTED
[2026-02-17 20:36:29 UTC] [srv-2] CONNECTED
[2026-02-17 20:36:29 UTC] [srv-1] CONNECTED
[2026-02-17 20:36:30 UTC] CMD: 'cd /opt/SystemdTimer-LinuxPersistenceStash && ./install.sh' | Hosts: 2 | OK: 0 | FAIL: 2 | Duration: 0.37s
[2026-02-17 20:36:30 UTC] [srv-2] DISCONNECTED
[2026-02-17 20:36:30 UTC] [srv-1] DISCONNECTED
[2026-02-17 20:37:48 UTC] [srv-2] CONNECTED
[2026-02-17 20:37:48 UTC] [srv-1] CONNECTED
[2026-02-17 20:37:48 UTC] [srv-2] DISCONNECTED
[2026-02-17 20:37:48 UTC] [srv-1] DISCONNECTED
[2026-02-17 20:37:49 UTC] [srv-2] CONNECTED
[2026-02-17 20:37:49 UTC] [srv-1] CONNECTED
[2026-02-17 20:37:49 UTC] CMD: 'sudo mkdir -p /opt/SystemdTimer-LinuxPersistenceStash && tar xzf /tmp/SystemdTimer-LinuxPersistenceStash.tar.gz -C /opt/SystemdTimer-LinuxPersistenceStash && sudo rm -f /tmp/SystemdTimer-LinuxPersistenceStash.tar.gz' | Hosts: 2 | OK: 0 | FAIL: 2 | Duration: 0.10s
[2026-02-17 20:37:49 UTC] [srv-2] DISCONNECTED
[2026-02-17 20:37:49 UTC] [srv-1] DISCONNECTED
[2026-02-17 20:37:49 UTC] [srv-2] CONNECTED
[2026-02-17 20:37:49 UTC] [srv-1] CONNECTED
[2026-02-17 20:37:49 UTC] CMD: 'cd /opt/SystemdTimer-LinuxPersistenceStash && sudo ./install.sh' | Hosts: 2 | OK: 0 | FAIL: 2 | Duration: 0.08s
[2026-02-17 20:37:49 UTC] [srv-2] DISCONNECTED
[2026-02-17 20:37:49 UTC] [srv-1] DISCONNECTED
[2026-02-18 08:08:08 UTC] [srv-2] CONNECTED
[2026-02-18 08:08:08 UTC] [srv-1] CONNECTED
[2026-02-18 08:08:08 UTC] [srv-2] DISCONNECTED
[2026-02-18 08:08:08 UTC] [srv-1] DISCONNECTED
[2026-02-18 08:08:09 UTC] [srv-2] CONNECTED
[2026-02-18 08:08:09 UTC] [srv-1] CONNECTED
[2026-02-18 08:08:09 UTC] CMD: 'sudo mkdir -p /opt/SystemdTimer-LinuxPersistenceStash && tar xzf /tmp/SystemdTimer-LinuxPersistenceStash.tar.gz -C /opt/SystemdTimer-LinuxPersistenceStash && sudo rm -f /tmp/SystemdTimer-LinuxPersistenceStash.tar.gz' | Hosts: 2 | OK: 0 | FAIL: 2 | Duration: 0.12s
[2026-02-18 08:08:09 UTC] [srv-2] DISCONNECTED
[2026-02-18 08:08:09 UTC] [srv-1] DISCONNECTED
[2026-02-18 08:08:09 UTC] [srv-2] CONNECTED
[2026-02-18 08:08:09 UTC] [srv-1] CONNECTED
[2026-02-18 08:08:09 UTC] CMD: 'cd /opt/SystemdTimer-LinuxPersistenceStash && sudo install.sh' | Hosts: 2 | OK: 0 | FAIL: 2 | Duration: 0.09s
[2026-02-18 08:08:09 UTC] [srv-2] DISCONNECTED
[2026-02-18 08:08:09 UTC] [srv-1] DISCONNECTED
[2026-02-18 08:08:54 UTC] [srv-2] CONNECTED
[2026-02-18 08:08:54 UTC] [srv-1] CONNECTED
[2026-02-18 08:08:54 UTC] [srv-2] DISCONNECTED
[2026-02-18 08:08:54 UTC] [srv-1] DISCONNECTED
[2026-02-18 08:08:55 UTC] [srv-2] CONNECTED
[2026-02-18 08:08:55 UTC] [srv-1] CONNECTED
[2026-02-18 08:08:55 UTC] CMD: 'sudo mkdir -p /opt/SystemdTimer-LinuxPersistenceStash && tar xzf /tmp/SystemdTimer-LinuxPersistenceStash.tar.gz -C /opt/SystemdTimer-LinuxPersistenceStash && sudo rm -f /tmp/SystemdTimer-LinuxPersistenceStash.tar.gz' | Hosts: 2 | OK: 0 | FAIL: 2 | Duration: 0.12s
[2026-02-18 08:08:55 UTC] [srv-2] DISCONNECTED
[2026-02-18 08:08:55 UTC] [srv-1] DISCONNECTED
[2026-02-18 08:08:55 UTC] [srv-2] CONNECTED
[2026-02-18 08:08:55 UTC] [srv-1] CONNECTED
[2026-02-18 08:08:55 UTC] CMD: 'cd /opt/SystemdTimer-LinuxPersistenceStash && sudo ./install.sh' | Hosts: 2 | OK: 0 | FAIL: 2 | Duration: 0.08s
[2026-02-18 08:08:55 UTC] [srv-2] DISCONNECTED
[2026-02-18 08:08:55 UTC] [srv-1] DISCONNECTED
[2026-02-18 08:15:40 UTC] [srv-2] CONNECTED
[2026-02-18 08:15:40 UTC] [srv-1] CONNECTED
[2026-02-18 08:15:40 UTC] [srv-2] DISCONNECTED
[2026-02-18 08:15:40 UTC] [srv-1] DISCONNECTED
[2026-02-18 08:15:41 UTC] [srv-2] CONNECTED
[2026-02-18 08:15:41 UTC] [srv-1] CONNECTED
[2026-02-18 08:15:41 UTC] CMD: 'sudo mkdir -p /opt/SystemdTimer-LinuxPersistenceStash && tar xzf /tmp/SystemdTimer-LinuxPersistenceStash.tar.gz -C /opt/SystemdTimer-LinuxPersistenceStash && sudo rm -f /tmp/SystemdTimer-LinuxPersistenceStash.tar.gz' | Hosts: 2 | OK: 0 | FAIL: 2 | Duration: 0.38s
[2026-02-18 08:15:41 UTC] [srv-2] DISCONNECTED
[2026-02-18 08:15:41 UTC] [srv-1] DISCONNECTED
[2026-02-18 08:15:41 UTC] [srv-2] CONNECTED
[2026-02-18 08:15:41 UTC] [srv-1] CONNECTED
[2026-02-18 08:15:42 UTC] CMD: 'cd /opt/SystemdTimer-LinuxPersistenceStash && sudo /opt/SystemdTimer-LinuxPersistenceStash/install.sh' | Hosts: 2 | OK: 0 | FAIL: 2 | Duration: 0.38s
[2026-02-18 08:15:42 UTC] [srv-2] DISCONNECTED
[2026-02-18 08:15:42 UTC] [srv-1] DISCONNECTED
[2026-02-18 08:36:18 UTC] [srv-2] CONNECTED
[2026-02-18 08:36:18 UTC] [srv-1] CONNECTED
[2026-02-18 08:36:18 UTC] [srv-2] DISCONNECTED
[2026-02-18 08:36:18 UTC] [srv-1] DISCONNECTED
[2026-02-18 08:36:18 UTC] [srv-2] CONNECTED
[2026-02-18 08:36:18 UTC] [srv-1] CONNECTED
[2026-02-18 08:36:19 UTC] CMD: 'sudo mkdir -p /opt/SystemdTimer-LinuxPersistenceStash' | Hosts: 2 | OK: 0 | FAIL: 2 | Duration: 0.37s
[2026-02-18 08:36:19 UTC] [srv-2] DISCONNECTED
[2026-02-18 08:36:19 UTC] [srv-1] DISCONNECTED
[2026-02-18 08:36:19 UTC] [srv-2] CONNECTED
[2026-02-18 08:36:19 UTC] [srv-1] CONNECTED
[2026-02-18 08:36:19 UTC] CMD: 'tar xzf /tmp/SystemdTimer-LinuxPersistenceStash.tar.gz -C /opt/SystemdTimer-LinuxPersistenceStash && sudo rm -f /tmp/SystemdTimer-LinuxPersistenceStash.tar.gz' | Hosts: 2 | OK: 0 | FAIL: 2 | Duration: 0.09s
[2026-02-18 08:36:19 UTC] [srv-2] DISCONNECTED
[2026-02-18 08:36:19 UTC] [srv-1] DISCONNECTED
[2026-02-18 08:36:20 UTC] [srv-2] CONNECTED
[2026-02-18 08:36:20 UTC] [srv-1] CONNECTED
[2026-02-18 08:36:20 UTC] CMD: 'cd /opt/SystemdTimer-LinuxPersistenceStash && sudo /opt/SystemdTimer-LinuxPersistenceStash/install.sh' | Hosts: 2 | OK: 0 | FAIL: 2 | Duration: 0.37s
[2026-02-18 08:36:20 UTC] [srv-2] DISCONNECTED
[2026-02-18 08:36:20 UTC] [srv-1] DISCONNECTED
[2026-02-18 08:37:42 UTC] [srv-2] CONNECTED
[2026-02-18 08:37:42 UTC] [srv-1] CONNECTED
[2026-02-18 08:37:42 UTC] [srv-2] DISCONNECTED
[2026-02-18 08:37:42 UTC] [srv-1] DISCONNECTED
[2026-02-18 08:37:44 UTC] [srv-2] CONNECTED
[2026-02-18 08:37:44 UTC] [srv-1] CONNECTED
[2026-02-18 08:37:44 UTC] CMD: 'sudo mkdir -p /opt/SystemdTimer-LinuxPersistenceStash' | Hosts: 2 | OK: 0 | FAIL: 2 | Duration: 0.38s
[2026-02-18 08:37:44 UTC] [srv-2] DISCONNECTED
[2026-02-18 08:37:44 UTC] [srv-1] DISCONNECTED
[2026-02-18 08:37:44 UTC] [srv-2] CONNECTED
[2026-02-18 08:37:44 UTC] [srv-1] CONNECTED
[2026-02-18 08:37:45 UTC] CMD: 'tar xzf /tmp/SystemdTimer-LinuxPersistenceStash.tar.gz -C /opt/SystemdTimer-LinuxPersistenceStash && sudo rm -f /tmp/SystemdTimer-LinuxPersistenceStash.tar.gz' | Hosts: 2 | OK: 0 | FAIL: 2 | Duration: 0.09s
[2026-02-18 08:37:45 UTC] [srv-2] DISCONNECTED
[2026-02-18 08:37:45 UTC] [srv-1] DISCONNECTED
[2026-02-18 08:37:46 UTC] [srv-2] CONNECTED
[2026-02-18 08:37:46 UTC] [srv-1] CONNECTED
[2026-02-18 08:37:46 UTC] CMD: 'cd /opt/SystemdTimer-LinuxPersistenceStash && sudo /opt/SystemdTimer-LinuxPersistenceStash/install.sh' | Hosts: 2 | OK: 0 | FAIL: 2 | Duration: 0.37s
[2026-02-18 08:37:46 UTC] [srv-2] DISCONNECTED
[2026-02-18 08:37:46 UTC] [srv-1] DISCONNECTED
[2026-02-18 08:53:58 UTC] [srv-2] CONNECTED
[2026-02-18 08:53:58 UTC] [srv-1] CONNECTED
[2026-02-18 08:53:58 UTC] [srv-2] DISCONNECTED
[2026-02-18 08:53:58 UTC] [srv-1] DISCONNECTED
[2026-02-18 08:54:00 UTC] [srv-2] CONNECTED
[2026-02-18 08:54:00 UTC] [srv-1] CONNECTED
[2026-02-18 08:54:00 UTC] CMD: 'sudo mkdir -p /opt/SystemdTimer-LinuxPersistenceStash' | Hosts: 2 | OK: 0 | FAIL: 2 | Duration: 0.38s
[2026-02-18 08:54:00 UTC] [srv-2] DISCONNECTED
[2026-02-18 08:54:00 UTC] [srv-1] DISCONNECTED
[2026-02-18 08:54:01 UTC] [srv-2] CONNECTED
[2026-02-18 08:54:01 UTC] [srv-1] CONNECTED
[2026-02-18 08:54:01 UTC] CMD: 'tar xzf /tmp/SystemdTimer-LinuxPersistenceStash.tar.gz -C /opt/SystemdTimer-LinuxPersistenceStash && sudo rm -f /tmp/SystemdTimer-LinuxPersistenceStash.tar.gz' | Hosts: 2 | OK: 0 | FAIL: 2 | Duration: 0.09s
[2026-02-18 08:54:01 UTC] [srv-2] DISCONNECTED
[2026-02-18 08:54:01 UTC] [srv-1] DISCONNECTED
[2026-02-18 08:54:02 UTC] [srv-2] CONNECTED
[2026-02-18 08:54:02 UTC] [srv-1] CONNECTED
[2026-02-18 08:54:02 UTC] CMD: 'cd /opt/SystemdTimer-LinuxPersistenceStash && sudo ./install.sh' | Hosts: 2 | OK: 0 | FAIL: 2 | Duration: 0.38s
[2026-02-18 08:54:02 UTC] [srv-2] DISCONNECTED
[2026-02-18 08:54:02 UTC] [srv-1] DISCONNECTED
[2026-02-18 08:54:44 UTC] [srv-2] CONNECTED
[2026-02-18 08:54:44 UTC] [srv-1] CONNECTED
[2026-02-18 08:54:44 UTC] [srv-2] DISCONNECTED
[2026-02-18 08:54:44 UTC] [srv-1] DISCONNECTED
[2026-02-18 08:54:45 UTC] [srv-2] CONNECTED
[2026-02-18 08:54:45 UTC] [srv-1] CONNECTED
[2026-02-18 08:54:45 UTC] CMD: 'sudo mkdir -p /opt/SystemdTimer-LinuxPersistenceStash' | Hosts: 2 | OK: 2 | FAIL: 0 | Duration: 0.10s
[2026-02-18 08:54:45 UTC] [srv-2] DISCONNECTED
[2026-02-18 08:54:45 UTC] [srv-1] DISCONNECTED
[2026-02-18 08:54:46 UTC] [srv-2] CONNECTED
[2026-02-18 08:54:46 UTC] [srv-1] CONNECTED
[2026-02-18 08:54:46 UTC] CMD: 'tar xzf /tmp/SystemdTimer-LinuxPersistenceStash.tar.gz -C /opt/SystemdTimer-LinuxPersistenceStash && sudo rm -f /tmp/SystemdTimer-LinuxPersistenceStash.tar.gz' | Hosts: 2 | OK: 0 | FAIL: 2 | Duration: 0.09s
[2026-02-18 08:54:46 UTC] [srv-2] DISCONNECTED
[2026-02-18 08:54:46 UTC] [srv-1] DISCONNECTED
[2026-02-18 08:54:47 UTC] [srv-2] CONNECTED
[2026-02-18 08:54:47 UTC] [srv-1] CONNECTED
[2026-02-18 08:54:47 UTC] CMD: 'cd /opt/SystemdTimer-LinuxPersistenceStash && sudo ./install.sh' | Hosts: 2 | OK: 0 | FAIL: 2 | Duration: 0.09s
[2026-02-18 08:54:47 UTC] [srv-2] DISCONNECTED
[2026-02-18 08:54:47 UTC] [srv-1] DISCONNECTED
[2026-02-18 08:56:54 UTC] [srv-2] CONNECTED
[2026-02-18 08:56:54 UTC] [srv-1] CONNECTED
[2026-02-18 08:56:54 UTC] [srv-2] DISCONNECTED
[2026-02-18 08:56:54 UTC] [srv-1] DISCONNECTED
[2026-02-18 08:56:56 UTC] [srv-2] CONNECTED
[2026-02-18 08:56:56 UTC] [srv-1] CONNECTED
[2026-02-18 08:56:56 UTC] CMD: 'sudo mkdir -p /opt/SystemdTimer-LinuxPersistenceStash' | Hosts: 2 | OK: 2 | FAIL: 0 | Duration: 0.09s
[2026-02-18 08:56:56 UTC] [srv-2] DISCONNECTED
[2026-02-18 08:56:56 UTC] [srv-1] DISCONNECTED
[2026-02-18 08:56:56 UTC] [srv-2] CONNECTED
[2026-02-18 08:56:56 UTC] [srv-1] CONNECTED
[2026-02-18 08:56:56 UTC] CMD: 'sudo tar xzf /tmp/SystemdTimer-LinuxPersistenceStash.tar.gz -C /opt/SystemdTimer-LinuxPersistenceStash' | Hosts: 2 | OK: 2 | FAIL: 0 | Duration: 0.09s
[2026-02-18 08:56:56 UTC] [srv-2] DISCONNECTED
[2026-02-18 08:56:56 UTC] [srv-1] DISCONNECTED
[2026-02-18 08:56:56 UTC] [srv-2] CONNECTED
[2026-02-18 08:56:56 UTC] [srv-1] CONNECTED
[2026-02-18 08:56:57 UTC] CMD: 'sudo rm -f /tmp/SystemdTimer-LinuxPersistenceStash.tar.gz' | Hosts: 2 | OK: 2 | FAIL: 0 | Duration: 0.08s
[2026-02-18 08:56:57 UTC] [srv-2] DISCONNECTED
[2026-02-18 08:56:57 UTC] [srv-1] DISCONNECTED
[2026-02-18 08:56:58 UTC] [srv-2] CONNECTED
[2026-02-18 08:56:58 UTC] [srv-1] CONNECTED
[2026-02-18 08:56:58 UTC] CMD: 'cd /opt/SystemdTimer-LinuxPersistenceStash && sudo ./install.sh' | Hosts: 2 | OK: 0 | FAIL: 2 | Duration: 0.08s
[2026-02-18 08:56:58 UTC] [srv-2] DISCONNECTED
[2026-02-18 08:56:58 UTC] [srv-1] DISCONNECTED
[2026-02-18 08:58:01 UTC] [srv-1] CONNECTED
[2026-02-18 08:58:01 UTC] [srv-2] CONNECTED
[2026-02-18 08:58:02 UTC] [srv-1] DISCONNECTED
[2026-02-18 08:58:02 UTC] [srv-2] DISCONNECTED
[2026-02-18 08:58:03 UTC] [srv-2] CONNECTED
[2026-02-18 08:58:03 UTC] [srv-1] CONNECTED
[2026-02-18 08:58:03 UTC] CMD: 'sudo mkdir -p /opt/SystemdTimer-LinuxPersistenceStash' | Hosts: 2 | OK: 2 | FAIL: 0 | Duration: 0.10s
[2026-02-18 08:58:03 UTC] [srv-2] DISCONNECTED
[2026-02-18 08:58:03 UTC] [srv-1] DISCONNECTED
[2026-02-18 08:58:03 UTC] [srv-2] CONNECTED
[2026-02-18 08:58:03 UTC] [srv-1] CONNECTED
[2026-02-18 08:58:04 UTC] CMD: 'sudo tar xzf /tmp/SystemdTimer-LinuxPersistenceStash.tar.gz -C /opt/SystemdTimer-LinuxPersistenceStash' | Hosts: 2 | OK: 2 | FAIL: 0 | Duration: 0.08s
[2026-02-18 08:58:04 UTC] [srv-2] DISCONNECTED
[2026-02-18 08:58:04 UTC] [srv-1] DISCONNECTED
[2026-02-18 08:58:04 UTC] [srv-2] CONNECTED
[2026-02-18 08:58:04 UTC] [srv-1] CONNECTED
[2026-02-18 08:58:04 UTC] CMD: 'sudo rm -f /tmp/SystemdTimer-LinuxPersistenceStash.tar.gz' | Hosts: 2 | OK: 2 | FAIL: 0 | Duration: 0.09s
[2026-02-18 08:58:04 UTC] [srv-2] DISCONNECTED
[2026-02-18 08:58:04 UTC] [srv-1] DISCONNECTED
[2026-02-18 08:58:05 UTC] [srv-2] CONNECTED
[2026-02-18 08:58:05 UTC] [srv-1] CONNECTED
[2026-02-18 08:58:05 UTC] CMD: 'sudo /opt/SystemdTimer-LinuxPersiste/install.sh' | Hosts: 2 | OK: 0 | FAIL: 2 | Duration: 0.09s
[2026-02-18 08:58:05 UTC] [srv-2] DISCONNECTED
[2026-02-18 08:58:05 UTC] [srv-1] DISCONNECTED
[2026-02-18 08:58:17 UTC] [srv-2] CONNECTED
[2026-02-18 08:58:17 UTC] [srv-1] CONNECTED
[2026-02-18 08:58:18 UTC] [srv-2] DISCONNECTED
[2026-02-18 08:58:18 UTC] [srv-1] DISCONNECTED
[2026-02-18 08:58:19 UTC] [srv-2] CONNECTED
[2026-02-18 08:58:19 UTC] [srv-1] CONNECTED
[2026-02-18 08:58:19 UTC] CMD: 'sudo mkdir -p /opt/SystemdTimer-LinuxPersistenceStash' | Hosts: 2 | OK: 2 | FAIL: 0 | Duration: 0.10s
[2026-02-18 08:58:19 UTC] [srv-2] DISCONNECTED
[2026-02-18 08:58:19 UTC] [srv-1] DISCONNECTED
[2026-02-18 08:58:20 UTC] [srv-2] CONNECTED
[2026-02-18 08:58:20 UTC] [srv-1] CONNECTED
[2026-02-18 08:58:20 UTC] CMD: 'sudo tar xzf /tmp/SystemdTimer-LinuxPersistenceStash.tar.gz -C /opt/SystemdTimer-LinuxPersistenceStash' | Hosts: 2 | OK: 2 | FAIL: 0 | Duration: 0.09s
[2026-02-18 08:58:20 UTC] [srv-2] DISCONNECTED
[2026-02-18 08:58:20 UTC] [srv-1] DISCONNECTED
[2026-02-18 08:58:20 UTC] [srv-2] CONNECTED
[2026-02-18 08:58:20 UTC] [srv-1] CONNECTED
[2026-02-18 08:58:20 UTC] CMD: 'sudo rm -f /tmp/SystemdTimer-LinuxPersistenceStash.tar.gz' | Hosts: 2 | OK: 2 | FAIL: 0 | Duration: 0.08s
[2026-02-18 08:58:20 UTC] [srv-2] DISCONNECTED
[2026-02-18 08:58:20 UTC] [srv-1] DISCONNECTED
[2026-02-18 08:58:21 UTC] [srv-2] CONNECTED
[2026-02-18 08:58:21 UTC] [srv-1] CONNECTED
[2026-02-18 08:58:21 UTC] CMD: 'sudo /opt/SystemdTimer-LinuxPersistenceStash/install.sh' | Hosts: 2 | OK: 0 | FAIL: 2 | Duration: 0.09s
[2026-02-18 08:58:21 UTC] [srv-2] DISCONNECTED
[2026-02-18 08:58:21 UTC] [srv-1] DISCONNECTED
[2026-02-18 08:59:24 UTC] [srv-2] CONNECTED
[2026-02-18 08:59:24 UTC] [srv-1] CONNECTED
[2026-02-18 08:59:25 UTC] [srv-2] DISCONNECTED
[2026-02-18 08:59:25 UTC] [srv-1] DISCONNECTED
[2026-02-18 08:59:26 UTC] [srv-2] CONNECTED
[2026-02-18 08:59:26 UTC] [srv-1] CONNECTED
[2026-02-18 08:59:26 UTC] CMD: 'sudo mkdir -p /opt/SystemdTimer-LinuxPersistenceStash' | Hosts: 2 | OK: 2 | FAIL: 0 | Duration: 0.09s
[2026-02-18 08:59:26 UTC] [srv-2] DISCONNECTED
[2026-02-18 08:59:26 UTC] [srv-1] DISCONNECTED
[2026-02-18 08:59:26 UTC] [srv-2] CONNECTED
[2026-02-18 08:59:26 UTC] [srv-1] CONNECTED
[2026-02-18 08:59:27 UTC] CMD: 'sudo tar xzf /tmp/SystemdTimer-LinuxPersistenceStash.tar.gz -C /opt/SystemdTimer-LinuxPersistenceStash' | Hosts: 2 | OK: 2 | FAIL: 0 | Duration: 0.09s
[2026-02-18 08:59:27 UTC] [srv-2] DISCONNECTED
[2026-02-18 08:59:27 UTC] [srv-1] DISCONNECTED
[2026-02-18 08:59:27 UTC] [srv-2] CONNECTED
[2026-02-18 08:59:27 UTC] [srv-1] CONNECTED
[2026-02-18 08:59:27 UTC] CMD: 'sudo rm -f /tmp/SystemdTimer-LinuxPersistenceStash.tar.gz' | Hosts: 2 | OK: 2 | FAIL: 0 | Duration: 0.09s
[2026-02-18 08:59:27 UTC] [srv-2] DISCONNECTED
[2026-02-18 08:59:27 UTC] [srv-1] DISCONNECTED
[2026-02-18 08:59:28 UTC] [srv-2] CONNECTED
[2026-02-18 08:59:28 UTC] [srv-1] CONNECTED
[2026-02-18 08:59:28 UTC] CMD: 'sudo chmod +x /opt/SystemdTimer-LinuxPersistenceStash/install.sh' | Hosts: 2 | OK: 0 | FAIL: 2 | Duration: 0.08s
[2026-02-18 08:59:28 UTC] [srv-2] DISCONNECTED
[2026-02-18 08:59:28 UTC] [srv-1] DISCONNECTED
[2026-02-18 08:59:29 UTC] [srv-2] CONNECTED
[2026-02-18 08:59:29 UTC] [srv-1] CONNECTED
[2026-02-18 08:59:29 UTC] CMD: 'sudo /opt/SystemdTimer-LinuxPersistenceStash/install.sh' | Hosts: 2 | OK: 0 | FAIL: 2 | Duration: 0.08s
[2026-02-18 08:59:29 UTC] [srv-2] DISCONNECTED
[2026-02-18 08:59:29 UTC] [srv-1] DISCONNECTED
[2026-02-18 09:01:32 UTC] [srv-2] CONNECTED
[2026-02-18 09:01:32 UTC] [srv-1] CONNECTED
[2026-02-18 09:01:36 UTC] CMD: 'ls /opt' | Hosts: 2 | OK: 2 | FAIL: 0 | Duration: 0.01s
[2026-02-18 09:01:52 UTC] CMD: 'cd SystemdTimer-LinuxPersistenceStash' | Hosts: 2 | OK: 0 | FAIL: 2 | Duration: 0.01s
[2026-02-18 09:01:59 UTC] CMD: 'll /opt' | Hosts: 2 | OK: 0 | FAIL: 2 | Duration: 0.01s
[2026-02-18 09:02:07 UTC] CMD: 'ls -la /opt' | Hosts: 2 | OK: 2 | FAIL: 0 | Duration: 0.01s
[2026-02-18 09:05:31 UTC] CMD: 'sudo chmod 777 SystemdTimer-LinuxPersistenceStash' | Hosts: 2 | OK: 0 | FAIL: 2 | Duration: 0.02s
[2026-02-18 09:05:51 UTC] CMD: 'file SystemdTimer-LinuxPersistenceStash' | Hosts: 2 | OK: 0 | FAIL: 2 | Duration: 0.01s
[2026-02-18 09:05:58 UTC] CMD: 'sudo !!' | Hosts: 2 | OK: 0 | FAIL: 2 | Duration: 0.02s
[2026-02-18 09:06:06 UTC] CMD: 'sudo file SystemdTimer-LinuxPersistenceStash' | Hosts: 2 | OK: 0 | FAIL: 2 | Duration: 0.02s
[2026-02-18 09:06:09 UTC] CMD: 'ls' | Hosts: 2 | OK: 2 | FAIL: 0 | Duration: 0.01s
[2026-02-18 09:06:18 UTC] CMD: 'ls -la' | Hosts: 2 | OK: 2 | FAIL: 0 | Duration: 0.03s
[2026-02-18 09:06:52 UTC] CMD: 'pwd' | Hosts: 2 | OK: 2 | FAIL: 0 | Duration: 0.02s
[2026-02-18 09:12:52 UTC] CMD: 'sudo file /opt/SystemdTimer-LinuxPersistenceStash' | Hosts: 2 | OK: 0 | FAIL: 2 | Duration: 0.02s
[2026-02-18 09:13:07 UTC] CMD: 'cd SystemdTimer-LinuxPersistenceStash/' | Hosts: 2 | OK: 0 | FAIL: 2 | Duration: 0.02s
[2026-02-18 09:13:14 UTC] CMD: 'ls -la /opt/' | Hosts: 2 | OK: 2 | FAIL: 0 | Duration: 0.01s
[2026-02-18 09:16:49 UTC] CMD: 'pwd' | Hosts: 2 | OK: 2 | FAIL: 0 | Duration: 0.01s
[2026-02-18 09:16:51 UTC] CMD: 'cd /opt' | Hosts: 2 | OK: 2 | FAIL: 0 | Duration: 0.01s
[2026-02-18 09:16:53 UTC] CMD: '[wd' | Hosts: 2 | OK: 0 | FAIL: 2 | Duration: 0.01s
[2026-02-18 09:16:55 UTC] CMD: 'pwd' | Hosts: 2 | OK: 2 | FAIL: 0 | Duration: 0.01s
[2026-02-18 09:18:15 UTC] CMD: 'quit' | Hosts: 2 | OK: 0 | FAIL: 2 | Duration: 0.02s
[2026-02-18 09:18:18 UTC] CMD: 'exit' | Hosts: 2 | OK: 2 | FAIL: 0 | Duration: 0.01s
[2026-02-18 09:18:38 UTC] [srv-1] CONNECTED
[2026-02-18 09:18:38 UTC] [srv-2] CONNECTED
[2026-02-18 09:18:38 UTC] [srv-1] DISCONNECTED
[2026-02-18 09:18:38 UTC] [srv-2] DISCONNECTED
[2026-02-18 09:18:39 UTC] [srv-2] CONNECTED
[2026-02-18 09:18:39 UTC] [srv-1] CONNECTED
[2026-02-18 09:18:39 UTC] CMD: 'sudo mkdir -p /opt/SystemdTimer-LinuxPersistenceStash' | Hosts: 2 | OK: 2 | FAIL: 0 | Duration: 0.11s
[2026-02-18 09:18:39 UTC] [srv-2] DISCONNECTED
[2026-02-18 09:18:39 UTC] [srv-1] DISCONNECTED
[2026-02-18 09:18:40 UTC] [srv-2] CONNECTED
[2026-02-18 09:18:40 UTC] [srv-1] CONNECTED
[2026-02-18 09:18:40 UTC] CMD: 'sudo tar xzf /tmp/SystemdTimer-LinuxPersistenceStash.tar.gz -C /opt/SystemdTimer-LinuxPersistenceStash' | Hosts: 2 | OK: 2 | FAIL: 0 | Duration: 0.09s
[2026-02-18 09:18:40 UTC] [srv-2] DISCONNECTED
[2026-02-18 09:18:40 UTC] [srv-1] DISCONNECTED
[2026-02-18 09:18:40 UTC] [srv-1] CONNECTED
[2026-02-18 09:18:40 UTC] [srv-2] CONNECTED
[2026-02-18 09:18:40 UTC] CMD: 'sudo rm -f /tmp/SystemdTimer-LinuxPersistenceStash.tar.gz' | Hosts: 2 | OK: 2 | FAIL: 0 | Duration: 0.09s
[2026-02-18 09:18:40 UTC] [srv-1] DISCONNECTED
[2026-02-18 09:18:40 UTC] [srv-2] DISCONNECTED
[2026-02-18 09:18:42 UTC] [srv-2] CONNECTED
[2026-02-18 09:18:42 UTC] [srv-1] CONNECTED
[2026-02-18 09:18:42 UTC] CMD: 'sudo chmod +x /opt/SystemdTimer-LinuxPersistenceStash/install.sh' | Hosts: 2 | OK: 0 | FAIL: 2 | Duration: 0.09s
[2026-02-18 09:18:42 UTC] [srv-2] DISCONNECTED
[2026-02-18 09:18:42 UTC] [srv-1] DISCONNECTED
[2026-02-18 09:18:42 UTC] [srv-2] CONNECTED
[2026-02-18 09:18:42 UTC] [srv-1] CONNECTED
[2026-02-18 09:18:42 UTC] CMD: 'sudo /opt/SystemdTimer-LinuxPersistenceStash/install.sh' | Hosts: 2 | OK: 0 | FAIL: 2 | Duration: 0.09s
[2026-02-18 09:18:42 UTC] [srv-2] DISCONNECTED
[2026-02-18 09:18:42 UTC] [srv-1] DISCONNECTED
[2026-02-18 09:19:12 UTC] [srv-2] CONNECTED
[2026-02-18 09:19:12 UTC] [srv-1] CONNECTED
[2026-02-18 09:19:12 UTC] [srv-2] DISCONNECTED
[2026-02-18 09:19:12 UTC] [srv-1] DISCONNECTED
[2026-02-18 09:19:14 UTC] [srv-2] CONNECTED
[2026-02-18 09:19:14 UTC] [srv-1] CONNECTED
[2026-02-18 09:19:14 UTC] CMD: 'sudo mkdir -p /opt/SystemdTimer-LinuxPersistenceStash' | Hosts: 2 | OK: 2 | FAIL: 0 | Duration: 0.09s
[2026-02-18 09:19:14 UTC] [srv-2] DISCONNECTED
[2026-02-18 09:19:14 UTC] [srv-1] DISCONNECTED
[2026-02-18 09:19:14 UTC] [srv-2] CONNECTED
[2026-02-18 09:19:14 UTC] [srv-1] CONNECTED
[2026-02-18 09:19:14 UTC] CMD: 'sudo tar xzf /tmp/SystemdTimer-LinuxPersistenceStash.tar.gz -C /opt/SystemdTimer-LinuxPersistenceStash' | Hosts: 2 | OK: 2 | FAIL: 0 | Duration: 0.08s
[2026-02-18 09:19:14 UTC] [srv-2] DISCONNECTED
[2026-02-18 09:19:14 UTC] [srv-1] DISCONNECTED
[2026-02-18 09:19:14 UTC] [srv-2] CONNECTED
[2026-02-18 09:19:14 UTC] [srv-1] CONNECTED
[2026-02-18 09:19:15 UTC] CMD: 'sudo rm -f /tmp/SystemdTimer-LinuxPersistenceStash.tar.gz' | Hosts: 2 | OK: 2 | FAIL: 0 | Duration: 0.09s
[2026-02-18 09:19:15 UTC] [srv-2] DISCONNECTED
[2026-02-18 09:19:15 UTC] [srv-1] DISCONNECTED
[2026-02-18 09:19:16 UTC] [srv-2] CONNECTED
[2026-02-18 09:19:16 UTC] [srv-1] CONNECTED
[2026-02-18 09:19:16 UTC] CMD: 'sudo chmod +x /opt/SystemdTimer-LinuxPersistenceStash/SystemdTimer-LinuxPersistenceStash/install.sh' | Hosts: 2 | OK: 2 | FAIL: 0 | Duration: 0.08s
[2026-02-18 09:19:16 UTC] [srv-2] DISCONNECTED
[2026-02-18 09:19:16 UTC] [srv-1] DISCONNECTED
[2026-02-18 09:19:16 UTC] [srv-2] CONNECTED
[2026-02-18 09:19:16 UTC] [srv-1] CONNECTED
[2026-02-18 09:19:17 UTC] CMD: 'sudo /opt/SystemdTimer-LinuxPersistenceStash/SystemdTimer-LinuxPersistenceStash/install.sh' | Hosts: 2 | OK: 2 | FAIL: 0 | Duration: 0.70s
[2026-02-18 09:19:17 UTC] [srv-2] DISCONNECTED
[2026-02-18 09:19:17 UTC] [srv-1] DISCONNECTED
[2026-02-18 09:36:55 UTC] [srv-2] CONNECTED
[2026-02-18 09:36:55 UTC] [srv-1] CONNECTED
[2026-02-18 09:36:56 UTC] [srv-2] DISCONNECTED
[2026-02-18 09:36:56 UTC] [srv-1] DISCONNECTED
[2026-02-18 09:36:57 UTC] [srv-2] CONNECTED
[2026-02-18 09:36:57 UTC] [srv-1] CONNECTED
[2026-02-18 09:36:57 UTC] CMD: 'sudo mkdir -p /opt/Info Gathering' | Hosts: 2 | OK: 2 | FAIL: 0 | Duration: 0.09s
[2026-02-18 09:36:57 UTC] [srv-2] DISCONNECTED
[2026-02-18 09:36:57 UTC] [srv-1] DISCONNECTED
[2026-02-18 09:36:57 UTC] [srv-2] CONNECTED
[2026-02-18 09:36:57 UTC] [srv-1] CONNECTED
[2026-02-18 09:36:57 UTC] CMD: 'sudo tar xzf /tmp/Info Gathering.tar.gz -C /opt/Info Gathering' | Hosts: 2 | OK: 0 | FAIL: 2 | Duration: 0.09s
[2026-02-18 09:36:57 UTC] [srv-2] DISCONNECTED
[2026-02-18 09:36:57 UTC] [srv-1] DISCONNECTED
[2026-02-18 09:36:58 UTC] [srv-2] CONNECTED
[2026-02-18 09:36:58 UTC] [srv-1] CONNECTED
[2026-02-18 09:36:58 UTC] CMD: 'sudo rm -f /tmp/Info Gathering.tar.gz' | Hosts: 2 | OK: 2 | FAIL: 0 | Duration: 0.09s
[2026-02-18 09:36:58 UTC] [srv-2] DISCONNECTED
[2026-02-18 09:36:58 UTC] [srv-1] DISCONNECTED
[2026-02-18 09:36:59 UTC] [srv-2] CONNECTED
[2026-02-18 09:36:59 UTC] [srv-1] CONNECTED
[2026-02-18 09:36:59 UTC] CMD: 'sudo chmod +x python3 /opt/Info\\ Gathering/Info\\ Gathering/FullInfoScan.py' | Hosts: 2 | OK: 0 | FAIL: 2 | Duration: 0.09s
[2026-02-18 09:36:59 UTC] [srv-2] DISCONNECTED
[2026-02-18 09:36:59 UTC] [srv-1] DISCONNECTED
[2026-02-18 09:37:00 UTC] [srv-2] CONNECTED
[2026-02-18 09:37:00 UTC] [srv-1] CONNECTED
[2026-02-18 09:37:00 UTC] CMD: 'sudo python3 /opt/Info\\ Gathering/Info\\ Gathering/FullInfoScan.py' | Hosts: 2 | OK: 0 | FAIL: 2 | Duration: 0.10s
[2026-02-18 09:37:00 UTC] [srv-2] DISCONNECTED
[2026-02-18 09:37:00 UTC] [srv-1] DISCONNECTED
[2026-02-18 09:38:00 UTC] [srv-2] CONNECTED
[2026-02-18 09:38:00 UTC] [srv-1] CONNECTED
[2026-02-18 09:38:00 UTC] [srv-2] DISCONNECTED
[2026-02-18 09:38:00 UTC] [srv-1] DISCONNECTED
[2026-02-18 09:38:02 UTC] [srv-2] CONNECTED
[2026-02-18 09:38:02 UTC] [srv-1] CONNECTED
[2026-02-18 09:38:02 UTC] CMD: 'sudo mkdir -p /opt/Info Gathering' | Hosts: 2 | OK: 2 | FAIL: 0 | Duration: 0.09s
[2026-02-18 09:38:02 UTC] [srv-2] DISCONNECTED
[2026-02-18 09:38:02 UTC] [srv-1] DISCONNECTED
[2026-02-18 09:38:02 UTC] [srv-2] CONNECTED
[2026-02-18 09:38:02 UTC] [srv-1] CONNECTED
[2026-02-18 09:38:02 UTC] CMD: 'sudo tar xzf /tmp/Info Gathering.tar.gz -C /opt/Info Gathering' | Hosts: 2 | OK: 0 | FAIL: 2 | Duration: 0.09s
[2026-02-18 09:38:02 UTC] [srv-2] DISCONNECTED
[2026-02-18 09:38:02 UTC] [srv-1] DISCONNECTED
[2026-02-18 09:38:02 UTC] [srv-1] CONNECTED
[2026-02-18 09:38:02 UTC] [srv-2] CONNECTED
[2026-02-18 09:38:03 UTC] CMD: 'sudo rm -f /tmp/Info Gathering.tar.gz' | Hosts: 2 | OK: 2 | FAIL: 0 | Duration: 0.09s
[2026-02-18 09:38:03 UTC] [srv-1] DISCONNECTED
[2026-02-18 09:38:03 UTC] [srv-2] DISCONNECTED
[2026-02-18 09:38:04 UTC] [srv-2] CONNECTED
[2026-02-18 09:38:04 UTC] [srv-1] CONNECTED
[2026-02-18 09:38:04 UTC] CMD: 'sudo chmod +x python3 /opt/Info\\ Gathering/Info\\ Gathering/FullInfoScan.py' | Hosts: 2 | OK: 0 | FAIL: 2 | Duration: 0.10s
[2026-02-18 09:38:04 UTC] [srv-2] DISCONNECTED
[2026-02-18 09:38:04 UTC] [srv-1] DISCONNECTED
[2026-02-18 09:38:04 UTC] [srv-2] CONNECTED
[2026-02-18 09:38:04 UTC] [srv-1] CONNECTED
[2026-02-18 09:38:04 UTC] CMD: 'sudo python3 /opt/Info\\ Gathering/Info\\ Gathering/FullInfoScan.py' | Hosts: 2 | OK: 0 | FAIL: 2 | Duration: 0.09s
[2026-02-18 09:38:04 UTC] [srv-2] DISCONNECTED
[2026-02-18 09:38:04 UTC] [srv-1] DISCONNECTED
[2026-02-18 09:40:19 UTC] [srv-2] CONNECTED
[2026-02-18 09:40:19 UTC] [srv-1] CONNECTED
[2026-02-18 09:40:19 UTC] [srv-2] DISCONNECTED
[2026-02-18 09:40:19 UTC] [srv-1] DISCONNECTED
[2026-02-18 09:40:21 UTC] [srv-2] CONNECTED
[2026-02-18 09:40:21 UTC] [srv-1] CONNECTED
[2026-02-18 09:40:21 UTC] CMD: 'sudo mkdir -p /opt/Info-Gathering' | Hosts: 2 | OK: 2 | FAIL: 0 | Duration: 0.08s
[2026-02-18 09:40:21 UTC] [srv-2] DISCONNECTED
[2026-02-18 09:40:21 UTC] [srv-1] DISCONNECTED
[2026-02-18 09:40:21 UTC] [srv-2] CONNECTED
[2026-02-18 09:40:21 UTC] [srv-1] CONNECTED
[2026-02-18 09:40:21 UTC] CMD: 'sudo tar xzf /tmp/Info-Gathering.tar.gz -C /opt/Info-Gathering' | Hosts: 2 | OK: 2 | FAIL: 0 | Duration: 0.08s
[2026-02-18 09:40:21 UTC] [srv-2] DISCONNECTED
[2026-02-18 09:40:21 UTC] [srv-1] DISCONNECTED
[2026-02-18 09:40:21 UTC] [srv-2] CONNECTED
[2026-02-18 09:40:21 UTC] [srv-1] CONNECTED
[2026-02-18 09:40:22 UTC] CMD: 'sudo rm -f /tmp/Info-Gathering.tar.gz' | Hosts: 2 | OK: 2 | FAIL: 0 | Duration: 0.08s
[2026-02-18 09:40:22 UTC] [srv-2] DISCONNECTED
[2026-02-18 09:40:22 UTC] [srv-1] DISCONNECTED
[2026-02-18 09:40:23 UTC] [srv-2] CONNECTED
[2026-02-18 09:40:23 UTC] [srv-1] CONNECTED
[2026-02-18 09:40:23 UTC] CMD: 'sudo chmod +x python3 /opt/Info-Gathering/Info-Gathering/FullInfoScan.py' | Hosts: 2 | OK: 0 | FAIL: 2 | Duration: 0.08s
[2026-02-18 09:40:23 UTC] [srv-2] DISCONNECTED
[2026-02-18 09:40:23 UTC] [srv-1] DISCONNECTED
[2026-02-18 09:40:23 UTC] [srv-2] CONNECTED
[2026-02-18 09:40:23 UTC] [srv-1] CONNECTED
[2026-02-18 09:40:23 UTC] CMD: 'sudo python3 /opt/Info-Gathering/Info-Gathering/FullInfoScan.py' | Hosts: 2 | OK: 2 | FAIL: 0 | Duration: 0.19s
[2026-02-18 09:40:23 UTC] [srv-2] DISCONNECTED
[2026-02-18 09:40:23 UTC] [srv-1] DISCONNECTED
[2026-02-18 09:54:32 UTC] [srv-2] CONNECTED
[2026-02-18 09:54:32 UTC] [srv-1] CONNECTED
[2026-02-18 09:54:32 UTC] [srv-2] DISCONNECTED
[2026-02-18 09:54:32 UTC] [srv-1] DISCONNECTED
[2026-02-18 09:54:33 UTC] [srv-2] CONNECTED
[2026-02-18 09:54:33 UTC] [srv-1] CONNECTED
[2026-02-18 09:54:33 UTC] CMD: 'sudo mkdir -p /opt/Info-Gathering' | Hosts: 2 | OK: 2 | FAIL: 0 | Duration: 0.08s
[2026-02-18 09:54:33 UTC] [srv-2] DISCONNECTED
[2026-02-18 09:54:33 UTC] [srv-1] DISCONNECTED
[2026-02-18 09:54:34 UTC] [srv-2] CONNECTED
[2026-02-18 09:54:34 UTC] [srv-1] CONNECTED
[2026-02-18 09:54:34 UTC] CMD: 'sudo tar xzf /tmp/Info-Gathering.tar.gz -C /opt/Info-Gathering' | Hosts: 2 | OK: 2 | FAIL: 0 | Duration: 0.09s
[2026-02-18 09:54:34 UTC] [srv-2] DISCONNECTED
[2026-02-18 09:54:34 UTC] [srv-1] DISCONNECTED
[2026-02-18 09:54:34 UTC] [srv-2] CONNECTED
[2026-02-18 09:54:34 UTC] [srv-1] CONNECTED
[2026-02-18 09:54:34 UTC] CMD: 'sudo rm -f /tmp/Info-Gathering.tar.gz' | Hosts: 2 | OK: 2 | FAIL: 0 | Duration: 0.09s
[2026-02-18 09:54:34 UTC] [srv-2] DISCONNECTED
[2026-02-18 09:54:34 UTC] [srv-1] DISCONNECTED
[2026-02-18 09:55:07 UTC] [srv-2] CONNECTED
[2026-02-18 09:55:07 UTC] [srv-1] CONNECTED
[2026-02-18 09:55:08 UTC] [srv-2] DISCONNECTED
[2026-02-18 09:55:08 UTC] [srv-1] DISCONNECTED
[2026-02-18 09:55:09 UTC] [srv-2] CONNECTED
[2026-02-18 09:55:09 UTC] [srv-1] CONNECTED
[2026-02-18 09:55:09 UTC] CMD: 'sudo mkdir -p /opt/Info-Gathering' | Hosts: 2 | OK: 2 | FAIL: 0 | Duration: 0.10s
[2026-02-18 09:55:09 UTC] [srv-2] DISCONNECTED
[2026-02-18 09:55:09 UTC] [srv-1] DISCONNECTED
[2026-02-18 09:55:09 UTC] [srv-2] CONNECTED
[2026-02-18 09:55:09 UTC] [srv-1] CONNECTED
[2026-02-18 09:55:10 UTC] CMD: 'sudo tar xzf /tmp/Info-Gathering.tar.gz -C /opt/Info-Gathering' | Hosts: 2 | OK: 2 | FAIL: 0 | Duration: 0.09s
[2026-02-18 09:55:10 UTC] [srv-2] DISCONNECTED
[2026-02-18 09:55:10 UTC] [srv-1] DISCONNECTED
[2026-02-18 09:55:10 UTC] [srv-2] CONNECTED
[2026-02-18 09:55:10 UTC] [srv-1] CONNECTED
[2026-02-18 09:55:10 UTC] CMD: 'sudo rm -f /tmp/Info-Gathering.tar.gz' | Hosts: 2 | OK: 2 | FAIL: 0 | Duration: 0.09s
[2026-02-18 09:55:10 UTC] [srv-2] DISCONNECTED
[2026-02-18 09:55:10 UTC] [srv-1] DISCONNECTED
[2026-02-18 09:55:11 UTC] [srv-2] CONNECTED
[2026-02-18 09:55:11 UTC] [srv-1] CONNECTED
[2026-02-18 09:55:12 UTC] CMD: 'sudo sudo python3 /opt/Info-Gathering/Info-Gathering/FullInfoScan.py' | Hosts: 2 | OK: 2 | FAIL: 0 | Duration: 0.18s
[2026-02-18 09:55:12 UTC] [srv-2] DISCONNECTED
[2026-02-18 09:55:12 UTC] [srv-1] DISCONNECTED
[2026-02-18 10:08:25 UTC] [srv-2] CONNECTED
[2026-02-18 10:08:25 UTC] [srv-1] CONNECTED
[2026-02-18 10:08:26 UTC] [srv-2] DISCONNECTED
[2026-02-18 10:08:26 UTC] [srv-1] DISCONNECTED
[2026-02-18 10:08:27 UTC] [srv-2] CONNECTED
[2026-02-18 10:08:27 UTC] [srv-1] CONNECTED
[2026-02-18 10:08:27 UTC] CMD: 'sudo mkdir -p /opt/Info-Gathering' | Hosts: 2 | OK: 2 | FAIL: 0 | Duration: 0.09s
[2026-02-18 10:08:27 UTC] [srv-2] DISCONNECTED
[2026-02-18 10:08:27 UTC] [srv-1] DISCONNECTED
[2026-02-18 10:08:27 UTC] [srv-2] CONNECTED
[2026-02-18 10:08:27 UTC] [srv-1] CONNECTED
[2026-02-18 10:08:27 UTC] CMD: 'sudo tar xzf /tmp/Info-Gathering.tar.gz -C /opt/Info-Gathering' | Hosts: 2 | OK: 2 | FAIL: 0 | Duration: 0.09s
[2026-02-18 10:08:27 UTC] [srv-2] DISCONNECTED
[2026-02-18 10:08:27 UTC] [srv-1] DISCONNECTED
[2026-02-18 10:08:28 UTC] [srv-2] CONNECTED
[2026-02-18 10:08:28 UTC] [srv-1] CONNECTED
[2026-02-18 10:08:28 UTC] CMD: 'sudo rm -f /tmp/Info-Gathering.tar.gz' | Hosts: 2 | OK: 2 | FAIL: 0 | Duration: 0.09s
[2026-02-18 10:08:28 UTC] [srv-2] DISCONNECTED
[2026-02-18 10:08:28 UTC] [srv-1] DISCONNECTED
[2026-02-18 10:08:29 UTC] [srv-2] CONNECTED
[2026-02-18 10:08:29 UTC] [srv-1] CONNECTED
[2026-02-18 10:08:29 UTC] CMD: 'sudo (cd /tmp/1 && sudo python3 /opt/Info-Gathering/Info-Gathering/FullInfoScan.py)' | Hosts: 2 | OK: 0 | FAIL: 2 | Duration: 0.08s
[2026-02-18 10:08:29 UTC] [srv-2] DISCONNECTED
[2026-02-18 10:08:29 UTC] [srv-1] DISCONNECTED
[2026-02-18 10:09:14 UTC] [srv-2] CONNECTED
[2026-02-18 10:09:14 UTC] [srv-1] CONNECTED
[2026-02-18 10:09:14 UTC] [srv-2] DISCONNECTED
[2026-02-18 10:09:14 UTC] [srv-1] DISCONNECTED
[2026-02-18 10:09:16 UTC] [srv-2] CONNECTED
[2026-02-18 10:09:16 UTC] [srv-1] CONNECTED
[2026-02-18 10:09:16 UTC] CMD: 'sudo mkdir -p /opt/Info-Gathering' | Hosts: 2 | OK: 2 | FAIL: 0 | Duration: 0.09s
[2026-02-18 10:09:16 UTC] [srv-2] DISCONNECTED
[2026-02-18 10:09:16 UTC] [srv-1] DISCONNECTED
[2026-02-18 10:09:16 UTC] [srv-2] CONNECTED
[2026-02-18 10:09:16 UTC] [srv-1] CONNECTED
[2026-02-18 10:09:16 UTC] CMD: 'sudo tar xzf /tmp/Info-Gathering.tar.gz -C /opt/Info-Gathering' | Hosts: 2 | OK: 2 | FAIL: 0 | Duration: 0.09s
[2026-02-18 10:09:16 UTC] [srv-2] DISCONNECTED
[2026-02-18 10:09:16 UTC] [srv-1] DISCONNECTED
[2026-02-18 10:09:16 UTC] [srv-2] CONNECTED
[2026-02-18 10:09:16 UTC] [srv-1] CONNECTED
[2026-02-18 10:09:17 UTC] CMD: 'sudo rm -f /tmp/Info-Gathering.tar.gz' | Hosts: 2 | OK: 2 | FAIL: 0 | Duration: 0.09s
[2026-02-18 10:09:17 UTC] [srv-2] DISCONNECTED
[2026-02-18 10:09:17 UTC] [srv-1] DISCONNECTED
[2026-02-18 10:09:18 UTC] [srv-2] CONNECTED
[2026-02-18 10:09:18 UTC] [srv-1] CONNECTED
[2026-02-18 10:09:18 UTC] CMD: 'sudo env PWD /tmp/1 && sudo python3 /opt/Info-Gathering/Info-Gathering/FullInfoScan.py' | Hosts: 2 | OK: 0 | FAIL: 2 | Duration: 0.09s
[2026-02-18 10:09:18 UTC] [srv-2] DISCONNECTED
[2026-02-18 10:09:18 UTC] [srv-1] DISCONNECTED
[2026-02-18 10:10:42 UTC] [srv-2] CONNECTED
[2026-02-18 10:10:42 UTC] [srv-1] CONNECTED
[2026-02-18 10:10:42 UTC] [srv-2] DISCONNECTED
[2026-02-18 10:10:42 UTC] [srv-1] DISCONNECTED
[2026-02-18 10:10:44 UTC] [srv-2] CONNECTED
[2026-02-18 10:10:44 UTC] [srv-1] CONNECTED
[2026-02-18 10:10:44 UTC] CMD: 'sudo mkdir -p /opt/Info-Gathering' | Hosts: 2 | OK: 2 | FAIL: 0 | Duration: 0.09s
[2026-02-18 10:10:44 UTC] [srv-2] DISCONNECTED
[2026-02-18 10:10:44 UTC] [srv-1] DISCONNECTED
[2026-02-18 10:10:44 UTC] [srv-2] CONNECTED
[2026-02-18 10:10:44 UTC] [srv-1] CONNECTED
[2026-02-18 10:10:44 UTC] CMD: 'sudo tar xzf /tmp/Info-Gathering.tar.gz -C /opt/Info-Gathering' | Hosts: 2 | OK: 2 | FAIL: 0 | Duration: 0.09s
[2026-02-18 10:10:44 UTC] [srv-2] DISCONNECTED
[2026-02-18 10:10:44 UTC] [srv-1] DISCONNECTED
[2026-02-18 10:10:44 UTC] [srv-2] CONNECTED
[2026-02-18 10:10:44 UTC] [srv-1] CONNECTED
[2026-02-18 10:10:45 UTC] CMD: 'sudo rm -f /tmp/Info-Gathering.tar.gz' | Hosts: 2 | OK: 2 | FAIL: 0 | Duration: 0.09s
[2026-02-18 10:10:45 UTC] [srv-2] DISCONNECTED
[2026-02-18 10:10:45 UTC] [srv-1] DISCONNECTED
[2026-02-18 10:10:46 UTC] [srv-2] CONNECTED
[2026-02-18 10:10:46 UTC] [srv-1] CONNECTED
[2026-02-18 10:10:46 UTC] CMD: 'sudo env PWD=/tmp/1 && sudo python3 /opt/Info-Gathering/Info-Gathering/FullInfoScan.py' | Hosts: 2 | OK: 2 | FAIL: 0 | Duration: 0.19s
[2026-02-18 10:10:46 UTC] [srv-2] DISCONNECTED
[2026-02-18 10:10:46 UTC] [srv-1] DISCONNECTED
[2026-02-18 10:46:53 UTC] [srv-2] CONNECTED
[2026-02-18 10:46:53 UTC] [srv-1] CONNECTED
[2026-02-18 10:46:53 UTC] [srv-2] DISCONNECTED
[2026-02-18 10:46:53 UTC] [srv-1] DISCONNECTED
[2026-02-18 10:46:54 UTC] [srv-2] CONNECTED
[2026-02-18 10:46:54 UTC] [srv-1] CONNECTED
[2026-02-18 10:46:54 UTC] CMD: 'sudo mkdir -p /opt/Info-Gathering' | Hosts: 2 | OK: 2 | FAIL: 0 | Duration: 0.09s
[2026-02-18 10:46:54 UTC] [srv-2] DISCONNECTED
[2026-02-18 10:46:54 UTC] [srv-1] DISCONNECTED
[2026-02-18 10:46:55 UTC] [srv-2] CONNECTED
[2026-02-18 10:46:55 UTC] [srv-1] CONNECTED
[2026-02-18 10:46:55 UTC] CMD: 'sudo tar xzf /tmp/Info-Gathering.tar.gz -C /opt/Info-Gathering' | Hosts: 2 | OK: 2 | FAIL: 0 | Duration: 0.09s
[2026-02-18 10:46:55 UTC] [srv-2] DISCONNECTED
[2026-02-18 10:46:55 UTC] [srv-1] DISCONNECTED
[2026-02-18 10:46:55 UTC] [srv-2] CONNECTED
[2026-02-18 10:46:55 UTC] [srv-1] CONNECTED
[2026-02-18 10:46:55 UTC] CMD: 'sudo rm -f /tmp/Info-Gathering.tar.gz' | Hosts: 2 | OK: 2 | FAIL: 0 | Duration: 0.09s
[2026-02-18 10:46:55 UTC] [srv-2] DISCONNECTED
[2026-02-18 10:46:55 UTC] [srv-1] DISCONNECTED
[2026-02-18 10:46:57 UTC] [srv-2] CONNECTED
[2026-02-18 10:46:57 UTC] [srv-1] CONNECTED
[2026-02-18 10:46:57 UTC] CMD: 'sudo cd /tmp && sudo python3 /opt/Info-Gathering/Info-Gathering/FullInfoScan.py' | Hosts: 2 | OK: 0 | FAIL: 2 | Duration: 0.08s
[2026-02-18 10:46:57 UTC] [srv-2] DISCONNECTED
[2026-02-18 10:46:57 UTC] [srv-1] DISCONNECTED
[2026-02-18 10:58:33 UTC] [srv-1] CONNECTED
[2026-02-18 10:58:33 UTC] [srv-2] CONNECTED
[2026-02-18 10:58:33 UTC] [srv-1] DISCONNECTED
[2026-02-18 10:58:33 UTC] [srv-2] DISCONNECTED
[2026-02-18 10:58:35 UTC] [srv-2] CONNECTED
[2026-02-18 10:58:35 UTC] [srv-1] CONNECTED
[2026-02-18 10:58:35 UTC] CMD: 'sudo mkdir -p /opt/Info-Gathering' | Hosts: 2 | OK: 2 | FAIL: 0 | Duration: 0.09s
[2026-02-18 10:58:35 UTC] [srv-2] DISCONNECTED
[2026-02-18 10:58:35 UTC] [srv-1] DISCONNECTED
[2026-02-18 10:58:35 UTC] [srv-2] CONNECTED
[2026-02-18 10:58:35 UTC] [srv-1] CONNECTED
[2026-02-18 10:58:35 UTC] CMD: 'sudo tar xzf /tmp/Info-Gathering.tar.gz -C /opt/Info-Gathering' | Hosts: 2 | OK: 2 | FAIL: 0 | Duration: 0.09s
[2026-02-18 10:58:35 UTC] [srv-2] DISCONNECTED
[2026-02-18 10:58:35 UTC] [srv-1] DISCONNECTED
[2026-02-18 10:58:35 UTC] [srv-2] CONNECTED
[2026-02-18 10:58:35 UTC] [srv-1] CONNECTED
[2026-02-18 10:58:35 UTC] CMD: 'sudo rm -f /tmp/Info-Gathering.tar.gz' | Hosts: 2 | OK: 2 | FAIL: 0 | Duration: 0.09s
[2026-02-18 10:58:35 UTC] [srv-2] DISCONNECTED
[2026-02-18 10:58:35 UTC] [srv-1] DISCONNECTED
[2026-02-18 10:58:37 UTC] [srv-2] CONNECTED
[2026-02-18 10:58:37 UTC] [srv-1] CONNECTED
[2026-02-18 10:58:37 UTC] CMD: 'sudo sudo python3 /opt/Info-Gathering/Info-Gathering/FullInfoScan.py' | Hosts: 2 | OK: 2 | FAIL: 0 | Duration: 0.20s
[2026-02-18 10:58:37 UTC] [srv-2] DISCONNECTED
[2026-02-18 10:58:37 UTC] [srv-1] DISCONNECTED
